<?xml version="1.0" encoding="UTF-8"?>
<!-- Generated by org.testng.reporters.JUnitXMLReporter -->
<testsuite hostname="ideapad" name="DoctorInfoTest" tests="3" failures="0" timestamp="16 Jul 2016 04:42:37 GMT" time="0.344" errors="0">
  <testcase name="retrieveDoctorInfoUsingInvalidInput" time="0.282" classname="com.doctorDetails.DoctorDashboardTest"/>
  <testcase name="retrieveDoctorInfoUsingName" time="0.018" classname="com.doctorDetails.DoctorDashboardTest"/>
  <testcase name="retrieveDoctorInfoUsingValidInput" time="0.012" classname="com.doctorDetails.DoctorDashboardTest"/>
</testsuite> <!-- DoctorInfoTest -->
